<?xml version="1.0" encoding="UTF-8"?>
<!-- Generated by org.testng.reporters.JUnitReportReporter -->
<testsuite skipped="0" hostname="SOPMP1G2FWH" name="TestLogIn" tests="3" failures="0" timestamp="2019-09-25T15:40:01 COT" time="24.581" errors="0">
  <testcase name="testLogInExit" time="7.396" classname="TestLogIn"/>
  <testcase name="testLogInFail1" time="10.361" classname="TestLogIn"/>
  <testcase name="testLogInFail" time="6.824" classname="TestLogIn"/>
</testsuite> <!-- TestLogIn -->
